   1               		.file	"queueStream.c"
   2               	__SREG__ = 0x3f
   3               	__SP_H__ = 0x3e
   4               	__SP_L__ = 0x3d
   5               	__CCP__ = 0x34
   6               	__tmp_reg__ = 0
   7               	__zero_reg__ = 1
  10               		.text
  11               	.Ltext0:
 428               	streamQueueInputFun:
 429               		.stabd	46,0,0
   1:../../freeRtos/Lib/queueStream.c **** #include "queueStream.h"
   2:../../freeRtos/Lib/queueStream.c **** 
   3:../../freeRtos/Lib/queueStream.c **** static int streamQueueOutputFun(char c, FILE *ostream);
   4:../../freeRtos/Lib/queueStream.c **** static int streamQueueInputFun(FILE *istream);
   5:../../freeRtos/Lib/queueStream.c **** 
   6:../../freeRtos/Lib/queueStream.c **** void initQueueStream(FILE *stream, streamBuffers_t *buffer, xQueueHandle Rx, xQueueHandle Tx)
   7:../../freeRtos/Lib/queueStream.c **** {
   8:../../freeRtos/Lib/queueStream.c ****   fdev_setup_stream(stream, streamQueueOutputFun, streamQueueInputFun, _FDEV_SETUP_RW);
   9:../../freeRtos/Lib/queueStream.c ****   fdev_set_udata(stream, (void *)buffer);
  10:../../freeRtos/Lib/queueStream.c ****   buffer->Rx = Rx;
  11:../../freeRtos/Lib/queueStream.c ****   buffer->Tx = Tx;
  12:../../freeRtos/Lib/queueStream.c ****   return;
  13:../../freeRtos/Lib/queueStream.c **** }
  14:../../freeRtos/Lib/queueStream.c **** 
  15:../../freeRtos/Lib/queueStream.c **** static int streamQueueOutputFun(char c, FILE *ostream)
  16:../../freeRtos/Lib/queueStream.c **** {
  17:../../freeRtos/Lib/queueStream.c ****   streamBuffers_t *strBuf = (streamBuffers_t *) ostream->udata;
  18:../../freeRtos/Lib/queueStream.c **** /*  if (xQueueSend( strBuf->Tx, &c, strBuf->tx_timeout))
  19:../../freeRtos/Lib/queueStream.c ****   {
  20:../../freeRtos/Lib/queueStream.c ****     return EOF;
  21:../../freeRtos/Lib/queueStream.c ****   }
  22:../../freeRtos/Lib/queueStream.c ****   else*/
  23:../../freeRtos/Lib/queueStream.c ****   xQueueSend( strBuf->Tx, &c, portMAX_DELAY);
  24:../../freeRtos/Lib/queueStream.c ****   return 0;
  25:../../freeRtos/Lib/queueStream.c **** }
  26:../../freeRtos/Lib/queueStream.c **** 
  27:../../freeRtos/Lib/queueStream.c **** static int streamQueueInputFun(FILE *istream)
  28:../../freeRtos/Lib/queueStream.c **** {
 431               	.LM0:
 432               	.LFBB1:
 433 0000 DF93      		push r29
 434 0002 CF93      		push r28
 435 0004 0F92      		push __tmp_reg__
 436 0006 CDB7      		in r28,__SP_L__
 437 0008 DEB7      		in r29,__SP_H__
 438               	/* prologue: function */
 439               	/* frame size = 1 */
 440               	/* stack size = 3 */
 441               	.L__stack_usage = 3
  29:../../freeRtos/Lib/queueStream.c ****   char c;
  30:../../freeRtos/Lib/queueStream.c ****   streamBuffers_t *strBuf = (streamBuffers_t *) istream->udata;
  31:../../freeRtos/Lib/queueStream.c ****   xQueueReceive(strBuf->Rx, &c, portMAX_DELAY);
 443               	.LM1:
 444 000a DC01      		movw r26,r24
 445 000c 1C96      		adiw r26,12
 446 000e ED91      		ld r30,X+
 447 0010 FC91      		ld r31,X
 448 0012 1D97      		sbiw r26,12+1
 449 0014 8081      		ld r24,Z
 450 0016 9181      		ldd r25,Z+1
 451 0018 BE01      		movw r22,r28
 452 001a 6F5F      		subi r22,lo8(-(1))
 453 001c 7F4F      		sbci r23,hi8(-(1))
 454 001e 4FEF      		ldi r20,lo8(-1)
 455 0020 5FEF      		ldi r21,hi8(-1)
 456 0022 20E0      		ldi r18,lo8(0)
 457 0024 0E94 0000 		call xQueueGenericReceive
  32:../../freeRtos/Lib/queueStream.c ****   return c;
 459               	.LM2:
 460 0028 8981      		ldd r24,Y+1
 461 002a 282F      		mov r18,r24
 462 002c 3327      		clr r19
 463 002e 27FD      		sbrc r18,7
 464 0030 3095      		com r19
  33:../../freeRtos/Lib/queueStream.c **** }
 466               	.LM3:
 467 0032 932F      		mov r25,r19
 468               	/* epilogue start */
 469 0034 0F90      		pop __tmp_reg__
 470 0036 CF91      		pop r28
 471 0038 DF91      		pop r29
 472 003a 0895      		ret
 477               	.Lscope1:
 479               		.stabd	78,0,0
 484               	streamQueueOutputFun:
 485               		.stabd	46,0,0
  16:../../freeRtos/Lib/queueStream.c **** {
 487               	.LM4:
 488               	.LFBB2:
 489 003c DF93      		push r29
 490 003e CF93      		push r28
 491 0040 0F92      		push __tmp_reg__
 492 0042 CDB7      		in r28,__SP_L__
 493 0044 DEB7      		in r29,__SP_H__
 494               	/* prologue: function */
 495               	/* frame size = 1 */
 496               	/* stack size = 3 */
 497               	.L__stack_usage = 3
 498 0046 8983      		std Y+1,r24
  23:../../freeRtos/Lib/queueStream.c ****   xQueueSend( strBuf->Tx, &c, portMAX_DELAY);
 500               	.LM5:
 501 0048 DB01      		movw r26,r22
 502 004a 1C96      		adiw r26,12
 503 004c ED91      		ld r30,X+
 504 004e FC91      		ld r31,X
 505 0050 1D97      		sbiw r26,12+1
 506 0052 8281      		ldd r24,Z+2
 507 0054 9381      		ldd r25,Z+3
 508 0056 BE01      		movw r22,r28
 509 0058 6F5F      		subi r22,lo8(-(1))
 510 005a 7F4F      		sbci r23,hi8(-(1))
 511 005c 4FEF      		ldi r20,lo8(-1)
 512 005e 5FEF      		ldi r21,hi8(-1)
 513 0060 20E0      		ldi r18,lo8(0)
 514 0062 0E94 0000 		call xQueueGenericSend
  25:../../freeRtos/Lib/queueStream.c **** }
 516               	.LM6:
 517 0066 80E0      		ldi r24,lo8(0)
 518 0068 90E0      		ldi r25,hi8(0)
 519               	/* epilogue start */
 520 006a 0F90      		pop __tmp_reg__
 521 006c CF91      		pop r28
 522 006e DF91      		pop r29
 523 0070 0895      		ret
 525               	.Lscope2:
 527               		.stabd	78,0,0
 533               	.global	initQueueStream
 535               	initQueueStream:
 536               		.stabd	46,0,0
   7:../../freeRtos/Lib/queueStream.c **** {
 538               	.LM7:
 539               	.LFBB3:
 540               	/* prologue: function */
 541               	/* frame size = 0 */
 542               	/* stack size = 0 */
 543               	.L__stack_usage = 0
 544 0072 FC01      		movw r30,r24
 545 0074 DB01      		movw r26,r22
   8:../../freeRtos/Lib/queueStream.c ****   fdev_setup_stream(stream, streamQueueOutputFun, streamQueueInputFun, _FDEV_SETUP_RW);
 547               	.LM8:
 548 0076 80E0      		ldi r24,lo8(gs(streamQueueOutputFun))
 549 0078 90E0      		ldi r25,hi8(gs(streamQueueOutputFun))
 550 007a 8087      		std Z+8,r24
 551 007c 9187      		std Z+9,r25
 552 007e 80E0      		ldi r24,lo8(gs(streamQueueInputFun))
 553 0080 90E0      		ldi r25,hi8(gs(streamQueueInputFun))
 554 0082 8287      		std Z+10,r24
 555 0084 9387      		std Z+11,r25
 556 0086 83E0      		ldi r24,lo8(3)
 557 0088 8383      		std Z+3,r24
   9:../../freeRtos/Lib/queueStream.c ****   fdev_set_udata(stream, (void *)buffer);
 559               	.LM9:
 560 008a 6487      		std Z+12,r22
 561 008c 7587      		std Z+13,r23
  10:../../freeRtos/Lib/queueStream.c ****   buffer->Rx = Rx;
 563               	.LM10:
 564 008e 4D93      		st X+,r20
 565 0090 5C93      		st X,r21
 566 0092 1197      		sbiw r26,1
  11:../../freeRtos/Lib/queueStream.c ****   buffer->Tx = Tx;
 568               	.LM11:
 569 0094 1296      		adiw r26,2
 570 0096 2D93      		st X+,r18
 571 0098 3C93      		st X,r19
 572 009a 1397      		sbiw r26,2+1
 573               	/* epilogue start */
  13:../../freeRtos/Lib/queueStream.c **** }
 575               	.LM12:
 576 009c 0895      		ret
 578               	.Lscope3:
 580               		.stabd	78,0,0
 582               	.Letext0:
DEFINED SYMBOLS
                            *ABS*:00000000 queueStream.c
     /tmp/ccmIMA41.s:2      *ABS*:0000003f __SREG__
     /tmp/ccmIMA41.s:3      *ABS*:0000003e __SP_H__
     /tmp/ccmIMA41.s:4      *ABS*:0000003d __SP_L__
     /tmp/ccmIMA41.s:5      *ABS*:00000034 __CCP__
     /tmp/ccmIMA41.s:6      *ABS*:00000000 __tmp_reg__
     /tmp/ccmIMA41.s:7      *ABS*:00000001 __zero_reg__
     /tmp/ccmIMA41.s:428    .text:00000000 streamQueueInputFun
     /tmp/ccmIMA41.s:484    .text:0000003c streamQueueOutputFun
     /tmp/ccmIMA41.s:535    .text:00000072 initQueueStream

UNDEFINED SYMBOLS
xQueueGenericReceive
xQueueGenericSend
