   1               		.file	"memory_x.c"
   2               	__SP_H__ = 0x3e
   3               	__SP_L__ = 0x3d
   4               	__SREG__ = 0x3f
   5               	__RAMPZ__ = 0x3b
   6               	__RAMPY__ = 0x3a
   7               	__RAMPX__ = 0x39
   8               	__RAMPD__ = 0x38
   9               	__CCP__ = 0x34
  10               	__tmp_reg__ = 0
  11               	__zero_reg__ = 1
  14               		.text
  15               	.Ltext0:
  76               	.Letext0:
  77               		.ident	"GCC: (GNU) 4.8.2"
DEFINED SYMBOLS
                            *ABS*:0000000000000000 memory_x.c
     /tmp/ccW51be9.s:2      *ABS*:000000000000003e __SP_H__
     /tmp/ccW51be9.s:3      *ABS*:000000000000003d __SP_L__
     /tmp/ccW51be9.s:4      *ABS*:000000000000003f __SREG__
     /tmp/ccW51be9.s:5      *ABS*:000000000000003b __RAMPZ__
     /tmp/ccW51be9.s:6      *ABS*:000000000000003a __RAMPY__
     /tmp/ccW51be9.s:7      *ABS*:0000000000000039 __RAMPX__
     /tmp/ccW51be9.s:8      *ABS*:0000000000000038 __RAMPD__
     /tmp/ccW51be9.s:9      *ABS*:0000000000000034 __CCP__
     /tmp/ccW51be9.s:10     *ABS*:0000000000000000 __tmp_reg__
     /tmp/ccW51be9.s:11     *ABS*:0000000000000001 __zero_reg__

NO UNDEFINED SYMBOLS
