   1               		.file	"xmodem.c"
   2               	__SREG__ = 0x3f
   3               	__SP_H__ = 0x3e
   4               	__SP_L__ = 0x3d
   5               	__CCP__ = 0x34
   6               	__tmp_reg__ = 0
   7               	__zero_reg__ = 1
  10               		.text
  11               	.Ltext0:
 563               		.comm klastry,128,1
 564               		.comm wwwport,1,1
 565               		.comm rollers,2,1
 566               		.comm xSemaphoreSpiSS,2,1
 567               		.comm portA,1,1
 568               		.comm portB,1,1
 569               		.comm lockSensors,2,1
 570               		.comm xSemaphoreRs485,2,1
 571               		.comm nicState,14,1
 572               		.comm plen,2,1
 573               		.comm IpMyConfig,15,1
 574               		.comm arpDebug,2,1
 575               		.comm arpDebugLevel,1,1
 576               		.comm icmpDebug,2,1
 577               		.comm icmpDebugLevel,1,1
 578               		.comm udpSocket,2,1
 579               		.comm udpDbgStream,2,1
 580               		.comm udpDbgLevel,1,1
 581               		.comm tcpDebugStream,2,1
 582               		.comm tcpDebugLevel,1,1
 583               		.comm sockets,2,1
 584               		.comm czasRtc,7,1
 608               	.Letext0:
 609               	.global __do_clear_bss
DEFINED SYMBOLS
                            *ABS*:00000000 xmodem.c
     /tmp/ccRmu3CX.s:2      *ABS*:0000003f __SREG__
     /tmp/ccRmu3CX.s:3      *ABS*:0000003e __SP_H__
     /tmp/ccRmu3CX.s:4      *ABS*:0000003d __SP_L__
     /tmp/ccRmu3CX.s:5      *ABS*:00000034 __CCP__
     /tmp/ccRmu3CX.s:6      *ABS*:00000000 __tmp_reg__
     /tmp/ccRmu3CX.s:7      *ABS*:00000001 __zero_reg__
                            *COM*:00000080 klastry
                            *COM*:00000001 wwwport
                            *COM*:00000002 rollers
                            *COM*:00000002 xSemaphoreSpiSS
                            *COM*:00000001 portA
                            *COM*:00000001 portB
                            *COM*:00000002 lockSensors
                            *COM*:00000002 xSemaphoreRs485
                            *COM*:0000000e nicState
                            *COM*:00000002 plen
                            *COM*:0000000f IpMyConfig
                            *COM*:00000002 arpDebug
                            *COM*:00000001 arpDebugLevel
                            *COM*:00000002 icmpDebug
                            *COM*:00000001 icmpDebugLevel
                            *COM*:00000002 udpSocket
                            *COM*:00000002 udpDbgStream
                            *COM*:00000001 udpDbgLevel
                            *COM*:00000002 tcpDebugStream
                            *COM*:00000001 tcpDebugLevel
                            *COM*:00000002 sockets
                            *COM*:00000007 czasRtc

UNDEFINED SYMBOLS
__do_clear_bss
