   1               		.file	"sensors_task.c"
   2               	__SREG__ = 0x3f
   3               	__SP_H__ = 0x3e
   4               	__SP_L__ = 0x3d
   5               	__CCP__  = 0x34
   6               	__tmp_reg__ = 0
   7               	__zero_reg__ = 1
  10               		.text
  11               	.Ltext0:
 251               	.global	sensorsTask
 253               	sensorsTask:
 254               		.stabd	46,0,0
   1:sensors_task.c **** /*********************************************
   2:sensors_task.c ****  * vim:sw=8:ts=8:si:et
   3:sensors_task.c ****  * To use the above modeline in vim you must have "set modeline" in your .vimrc
   4:sensors_task.c ****  * Author: Guido Socher
   5:sensors_task.c ****  * Copyright: GPL V2
   6:sensors_task.c ****  * See http://www.gnu.org/licenses/gpl.html
   7:sensors_task.c ****  *
   8:sensors_task.c ****  * Ethernet remote device and sensor
   9:sensors_task.c ****  * UDP and HTTP interface
  10:sensors_task.c ****         url looks like this http://baseurl/password/command
  11:sensors_task.c ****         or http://baseurl/password/
  12:sensors_task.c ****  *
  13:sensors_task.c ****  * Chip type           : Atmega88 or Atmega168 or Atmega328 with ENC28J60
  14:sensors_task.c ****  * Note: there is a version number in the text. Search for tuxgraphics
  15:sensors_task.c ****  *********************************************/
  16:sensors_task.c **** #include <avr/io.h>
  17:sensors_task.c **** #include <stdlib.h>
  18:sensors_task.c **** #include <string.h>
  19:sensors_task.c **** #include <stdio.h>
  20:sensors_task.c **** #include <avr/pgmspace.h>
  21:sensors_task.c **** #include "sensors_task.h"
  22:sensors_task.c **** #include "memory_x.h"
  23:sensors_task.c **** #include "main.h"
  24:sensors_task.c **** #include "Rs485_prot.h"
  25:sensors_task.c **** #include "protocol1.h"
  26:sensors_task.c **** #include "mpc23s17.h"
  27:sensors_task.c **** 
  28:sensors_task.c **** 
  29:sensors_task.c **** 
  30:sensors_task.c **** void sensorsTaskInit(void)
  31:sensors_task.c **** {
  32:sensors_task.c ****   LockersMemInit();
  33:sensors_task.c ****   rollersMemInit();
  34:sensors_task.c **** }
  35:sensors_task.c **** 
  36:sensors_task.c **** void sensorsTask(void* pvParameters)
  37:sensors_task.c **** {
 256               	.LM0:
 257               	.LFBB1:
 258 0000 1F93      		push r17
 259               	/* prologue: function */
 260               	/* frame size = 0 */
  38:sensors_task.c ****   pvParameters = NULL;
  39:sensors_task.c ****   uint8_t addr = 255;
  40:sensors_task.c **** //  uint8_t i;
  41:sensors_task.c **** 
  42:sensors_task.c ****   MPC23s17SetDirA(0x00, 0);
 262               	.LM1:
 263 0002 80E0      		ldi r24,lo8(0)
 264 0004 60E0      		ldi r22,lo8(0)
 265 0006 0E94 0000 		call MPC23s17SetDirA
  43:sensors_task.c ****   
  44:sensors_task.c ****   MPC23s17SetDirB(0x00, 0);
 267               	.LM2:
 268 000a 80E0      		ldi r24,lo8(0)
 269 000c 60E0      		ldi r22,lo8(0)
 270 000e 0E94 0000 		call MPC23s17SetDirB
 271               	.L3:
 272               	.LBB2:
  45:sensors_task.c **** 
  46:sensors_task.c ****   for( ; ; )
  47:sensors_task.c ****   {
  48:sensors_task.c ****     uint16_t tmp;
  49:sensors_task.c ****     //Read power suply voltage
  50:sensors_task.c ****     tmp = MCP3008_getSampleSingle(0);
 274               	.LM3:
 275 0012 80E0      		ldi r24,lo8(0)
 276 0014 0E94 0000 		call MCP3008_getSampleSingle
  51:sensors_task.c ****     voltage = (uint8_t)(tmp>>5);
 278               	.LM4:
 279 0018 65E0      		ldi r22,5
 280 001a 9695      	1:	lsr r25
 281 001c 8795      		ror r24
 282 001e 6A95      		dec r22
 283 0020 01F4      		brne 1b
 284 0022 8093 0000 		sts voltage,r24
  52:sensors_task.c ****     vTaskDelay(10);
 286               	.LM5:
 287 0026 8AE0      		ldi r24,lo8(10)
 288 0028 90E0      		ldi r25,hi8(10)
 289 002a 0E94 0000 		call vTaskDelay
  53:sensors_task.c ****       
  54:sensors_task.c ****     //Read temperature inside chasis
  55:sensors_task.c ****     tmp = MCP3008_getSampleSingle(1);
 291               	.LM6:
 292 002e 81E0      		ldi r24,lo8(1)
 293 0030 0E94 0000 		call MCP3008_getSampleSingle
  56:sensors_task.c ****     tmp *=10;
  57:sensors_task.c ****     temperature = (uint8_t)(tmp / 24);
 295               	.LM7:
 296 0034 9C01      		movw r18,r24
 297 0036 53E0      		ldi r21,3
 298 0038 880F      	1:	lsl r24
 299 003a 991F      		rol r25
 300 003c 5A95      		dec r21
 301 003e 01F4      		brne 1b
 302 0040 220F      		lsl r18
 303 0042 331F      		rol r19
 304 0044 820F      		add r24,r18
 305 0046 931F      		adc r25,r19
 306 0048 68E1      		ldi r22,lo8(24)
 307 004a 70E0      		ldi r23,hi8(24)
 308 004c 0E94 0000 		call __udivmodhi4
 309 0050 6093 0000 		sts temperature,r22
  58:sensors_task.c ****     vTaskDelay(10);
 311               	.LM8:
 312 0054 8AE0      		ldi r24,lo8(10)
 313 0056 90E0      		ldi r25,hi8(10)
 314 0058 0E94 0000 		call vTaskDelay
  59:sensors_task.c ****       
  60:sensors_task.c ****     //read lock
  61:sensors_task.c ****     checkLockerSensors();
 316               	.LM9:
 317 005c 0E94 0000 		call checkLockerSensors
 318 0060 11E0      		ldi r17,lo8(1)
 319               	.L2:
  62:sensors_task.c **** 
  63:sensors_task.c ****     for (addr = FIRST_ROLLER_DRIVER_ADDR; addr <= LAST_ROLLER_DRIVER_ADDR; addr++)
  64:sensors_task.c ****     {
  65:sensors_task.c ****       rs485rollerHello(addr);
 321               	.LM10:
 322 0062 812F      		mov r24,r17
 323 0064 0E94 0000 		call rs485rollerHello
  66:sensors_task.c ****       vTaskDelay(10);
 325               	.LM11:
 326 0068 8AE0      		ldi r24,lo8(10)
 327 006a 90E0      		ldi r25,hi8(10)
 328 006c 0E94 0000 		call vTaskDelay
  63:sensors_task.c ****     for (addr = FIRST_ROLLER_DRIVER_ADDR; addr <= LAST_ROLLER_DRIVER_ADDR; addr++)
 330               	.LM12:
 331 0070 1F5F      		subi r17,lo8(-(1))
 332 0072 1032      		cpi r17,lo8(32)
 333 0074 01F4      		brne .L2
 334 0076 00C0      		rjmp .L3
 335               	.LBE2:
 340               	.Lscope1:
 342               		.stabd	78,0,0
 344               	.global	sensorsTaskInit
 346               	sensorsTaskInit:
 347               		.stabd	46,0,0
  31:sensors_task.c **** {
 349               	.LM13:
 350               	.LFBB2:
 351               	/* prologue: function */
 352               	/* frame size = 0 */
  32:sensors_task.c ****   LockersMemInit();
 354               	.LM14:
 355 0078 0E94 0000 		call LockersMemInit
  33:sensors_task.c ****   rollersMemInit();
 357               	.LM15:
 358 007c 0E94 0000 		call rollersMemInit
 359               	/* epilogue start */
  34:sensors_task.c **** }
 361               	.LM16:
 362 0080 0895      		ret
 364               	.Lscope2:
 366               		.stabd	78,0,0
 367               		.comm klastry,128,1
 368               		.comm wwwport,1,1
 369               		.comm rollers,2,1
 370               		.comm xSemaphoreSpiSS,2,1
 371               		.comm portA,1,1
 372               		.comm portB,1,1
 373               		.comm lockSensors,2,1
 374               		.comm xSemaphoreRs485,2,1
 375               		.comm nicState,14,1
 376               		.comm IpMyConfig,15,1
 377               		.comm arpDebug,2,1
 378               		.comm arpDebugLevel,1,1
 379               		.comm icmpDebug,2,1
 380               		.comm icmpDebugLevel,1,1
 381               		.comm udpSocket,2,1
 382               		.comm udpDbgStream,2,1
 383               		.comm udpDbgLevel,1,1
 384               		.comm tcpDebugStream,2,1
 385               		.comm tcpDebugLevel,1,1
 386               		.comm sockets,2,1
 387               		.comm czasRtc,7,1
 410               	.Letext0:
 411               	.global __do_clear_bss
DEFINED SYMBOLS
                            *ABS*:00000000 sensors_task.c
     /tmp/cchVjQgs.s:2      *ABS*:0000003f __SREG__
     /tmp/cchVjQgs.s:3      *ABS*:0000003e __SP_H__
     /tmp/cchVjQgs.s:4      *ABS*:0000003d __SP_L__
     /tmp/cchVjQgs.s:5      *ABS*:00000034 __CCP__
     /tmp/cchVjQgs.s:6      *ABS*:00000000 __tmp_reg__
     /tmp/cchVjQgs.s:7      *ABS*:00000001 __zero_reg__
     /tmp/cchVjQgs.s:253    .text:00000000 sensorsTask
     /tmp/cchVjQgs.s:346    .text:00000078 sensorsTaskInit
                            *COM*:00000080 klastry
                            *COM*:00000001 wwwport
                            *COM*:00000002 rollers
                            *COM*:00000002 xSemaphoreSpiSS
                            *COM*:00000001 portA
                            *COM*:00000001 portB
                            *COM*:00000002 lockSensors
                            *COM*:00000002 xSemaphoreRs485
                            *COM*:0000000e nicState
                            *COM*:0000000f IpMyConfig
                            *COM*:00000002 arpDebug
                            *COM*:00000001 arpDebugLevel
                            *COM*:00000002 icmpDebug
                            *COM*:00000001 icmpDebugLevel
                            *COM*:00000002 udpSocket
                            *COM*:00000002 udpDbgStream
                            *COM*:00000001 udpDbgLevel
                            *COM*:00000002 tcpDebugStream
                            *COM*:00000001 tcpDebugLevel
                            *COM*:00000002 sockets
                            *COM*:00000007 czasRtc

UNDEFINED SYMBOLS
MPC23s17SetDirA
MPC23s17SetDirB
MCP3008_getSampleSingle
voltage
vTaskDelay
__udivmodhi4
temperature
checkLockerSensors
rs485rollerHello
LockersMemInit
rollersMemInit
__do_clear_bss
