   1               		.file	"udp.c"
   2               	__SREG__ = 0x3f
   3               	__SP_H__ = 0x3e
   4               	__SP_L__ = 0x3d
   5               	__CCP__ = 0x34
   6               	__tmp_reg__ = 0
   7               	__zero_reg__ = 1
  10               		.text
  11               	.Ltext0:
 473               	.global	udpInit
 475               	udpInit:
 476               		.stabd	46,0,0
   1:../../freeRtos/Lib/net/udp.c **** #include "udp.h"
   2:../../freeRtos/Lib/net/udp.c **** #include "net.h"
   3:../../freeRtos/Lib/net/udp.c **** #include "ip.h"
   4:../../freeRtos/Lib/net/udp.c **** 
   5:../../freeRtos/Lib/net/udp.c **** static uint32_t udpIpDst_eep   __attribute__((section (".eeprom"))) = ((uint32_t)UDP_DST_IP4   << 2
   6:../../freeRtos/Lib/net/udp.c **** static uint16_t udpPortDstEep  __attribute__((section (".eeprom"))) = HTONS(UDP_DST_PORT);
   7:../../freeRtos/Lib/net/udp.c **** static uint16_t udpPortSrcEep  __attribute__((section (".eeprom"))) = HTONS(UDP_SRC_PORT);
   8:../../freeRtos/Lib/net/udp.c **** 
   9:../../freeRtos/Lib/net/udp.c **** void udpInit(void)
  10:../../freeRtos/Lib/net/udp.c **** {
 478               	.LM0:
 479               	.LFBB1:
 480 0000 EF92      		push r14
 481 0002 FF92      		push r15
 482 0004 CF93      		push r28
 483 0006 DF93      		push r29
 484               	/* prologue: function */
 485               	/* frame size = 0 */
 486               	/* stack size = 4 */
 487               	.L__stack_usage = 4
  11:../../freeRtos/Lib/net/udp.c **** #if UDP_DEBUG
  12:../../freeRtos/Lib/net/udp.c ****   udpDbgStream         = NULL;
 489               	.LM1:
 490 0008 1092 0000 		sts udpDbgStream,__zero_reg__
 491 000c 1092 0000 		sts udpDbgStream+1,__zero_reg__
  13:../../freeRtos/Lib/net/udp.c ****   udpDbgLevel          = 0;
 493               	.LM2:
 494 0010 1092 0000 		sts udpDbgLevel,__zero_reg__
  14:../../freeRtos/Lib/net/udp.c **** #endif
  15:../../freeRtos/Lib/net/udp.c ****   udpSocket = xmalloc(sizeof(UdpSocket_t));
 496               	.LM3:
 497 0014 8EE0      		ldi r24,lo8(14)
 498 0016 90E0      		ldi r25,hi8(14)
 499 0018 0E94 0000 		call xmalloc
 500 001c E82E      		mov r14,r24
 501 001e E701      		movw r28,r14
 502 0020 7E01      		movw r14,r28
 503 0022 F92E      		mov r15,r25
 504 0024 E701      		movw r28,r14
 505 0026 E092 0000 		sts udpSocket,r14
 506 002a F092 0000 		sts udpSocket+1,r15
  16:../../freeRtos/Lib/net/udp.c **** 
  17:../../freeRtos/Lib/net/udp.c ****   udpSocket->dstIp      = eeprom_read_dword(&udpIpDst_eep);
 508               	.LM4:
 509 002e 80E0      		ldi r24,lo8(udpIpDst_eep)
 510 0030 90E0      		ldi r25,hi8(udpIpDst_eep)
 511 0032 0E94 0000 		call __eerd_dword_x128a1
 512 0036 6E83      		std Y+6,r22
 513 0038 7F83      		std Y+7,r23
 514 003a 8887      		std Y+8,r24
 515 003c 9987      		std Y+9,r25
  18:../../freeRtos/Lib/net/udp.c ****   udpSocket->dstPortDef = eeprom_read_word(&udpPortDstEep);;
 517               	.LM5:
 518 003e 80E0      		ldi r24,lo8(udpPortDstEep)
 519 0040 90E0      		ldi r25,hi8(udpPortDstEep)
 520 0042 0E94 0000 		call __eerd_word_x128a1
 521 0046 8883      		st Y,r24
 522 0048 9983      		std Y+1,r25
  19:../../freeRtos/Lib/net/udp.c ****   udpSocket->srcPort    = eeprom_read_word(&udpPortSrcEep);
 524               	.LM6:
 525 004a 80E0      		ldi r24,lo8(udpPortSrcEep)
 526 004c 90E0      		ldi r25,hi8(udpPortSrcEep)
 527 004e 0E94 0000 		call __eerd_word_x128a1
 528 0052 8C83      		std Y+4,r24
 529 0054 9D83      		std Y+5,r25
  20:../../freeRtos/Lib/net/udp.c ****   
  21:../../freeRtos/Lib/net/udp.c ****   udpSocket->Rx         = xQueueCreateExternal(255, 1, (void *)(RTOS_UDP_RX_BUF_ADDR));
 531               	.LM7:
 532 0056 8FEF      		ldi r24,lo8(-1)
 533 0058 61E0      		ldi r22,lo8(1)
 534 005a 40E0      		ldi r20,lo8(30976)
 535 005c 59E7      		ldi r21,hi8(30976)
 536 005e 0E94 0000 		call xQueueCreateExternal
 537 0062 8A87      		std Y+10,r24
 538 0064 9B87      		std Y+11,r25
  22:../../freeRtos/Lib/net/udp.c ****   udpSocket->Tx         = xQueueCreateExternal(255, 1, (void *)(RTOS_UDP_TX_BUF_ADDR));
 540               	.LM8:
 541 0066 C091 0000 		lds r28,udpSocket
 542 006a D091 0000 		lds r29,udpSocket+1
 543 006e 8FEF      		ldi r24,lo8(-1)
 544 0070 61E0      		ldi r22,lo8(1)
 545 0072 40E0      		ldi r20,lo8(30720)
 546 0074 58E7      		ldi r21,hi8(30720)
 547 0076 0E94 0000 		call xQueueCreateExternal
 548 007a 8C87      		std Y+12,r24
 549 007c 9D87      		std Y+13,r25
 550               	/* epilogue start */
  23:../../freeRtos/Lib/net/udp.c **** }
 552               	.LM9:
 553 007e DF91      		pop r29
 554 0080 CF91      		pop r28
 555 0082 FF90      		pop r15
 556 0084 EF90      		pop r14
 557 0086 0895      		ret
 559               	.Lscope1:
 561               		.stabd	78,0,0
 565               	.global	setUdpDebug
 567               	setUdpDebug:
 568               		.stabd	46,0,0
  24:../../freeRtos/Lib/net/udp.c **** 
  25:../../freeRtos/Lib/net/udp.c **** #if UDP_DEBUG
  26:../../freeRtos/Lib/net/udp.c **** void setUdpDebug(FILE *stream, uint8_t level)
  27:../../freeRtos/Lib/net/udp.c **** {
 570               	.LM10:
 571               	.LFBB2:
 572               	/* prologue: function */
 573               	/* frame size = 0 */
 574               	/* stack size = 0 */
 575               	.L__stack_usage = 0
  28:../../freeRtos/Lib/net/udp.c ****   udpDbgStream = stream;
 577               	.LM11:
 578 0088 8093 0000 		sts udpDbgStream,r24
 579 008c 9093 0000 		sts udpDbgStream+1,r25
  29:../../freeRtos/Lib/net/udp.c ****   udpDbgLevel = level;
 581               	.LM12:
 582 0090 6093 0000 		sts udpDbgLevel,r22
 583               	/* epilogue start */
  30:../../freeRtos/Lib/net/udp.c **** }
 585               	.LM13:
 586 0094 0895      		ret
 588               	.Lscope2:
 590               		.stabd	78,0,0
 593               	.global	udpSend
 595               	udpSend:
 596               		.stabd	46,0,0
  31:../../freeRtos/Lib/net/udp.c **** #endif
  32:../../freeRtos/Lib/net/udp.c **** 
  33:../../freeRtos/Lib/net/udp.c **** inline void udpSend(uint16_t len)
  34:../../freeRtos/Lib/net/udp.c **** {
 598               	.LM14:
 599               	.LFBB3:
 600 0096 EF92      		push r14
 601 0098 FF92      		push r15
 602 009a 0F93      		push r16
 603 009c 1F93      		push r17
 604 009e CF93      		push r28
 605 00a0 DF93      		push r29
 606               	/* prologue: function */
 607               	/* frame size = 0 */
 608               	/* stack size = 6 */
 609               	.L__stack_usage = 6
 610 00a2 8C01      		movw r16,r24
  35:../../freeRtos/Lib/net/udp.c **** // make pointer to UDP header
  36:../../freeRtos/Lib/net/udp.c ****   nicState.layer4.udp->srcport  = udpSocket->srcPort;
 612               	.LM15:
 613 00a4 E091 0000 		lds r30,udpSocket
 614 00a8 F091 0000 		lds r31,udpSocket+1
 615 00ac A091 0000 		lds r26,nicState+12
 616 00b0 B091 0000 		lds r27,nicState+12+1
 617 00b4 8481      		ldd r24,Z+4
 618 00b6 9581      		ldd r25,Z+5
 619 00b8 8D93      		st X+,r24
 620 00ba 9C93      		st X,r25
  37:../../freeRtos/Lib/net/udp.c ****   nicState.layer4.udp->destport = (udpSocket->dstPortDef == 0)? udpSocket->dstPort : udpSocket->dst
 622               	.LM16:
 623 00bc A091 0000 		lds r26,nicState+12
 624 00c0 B091 0000 		lds r27,nicState+12+1
 625 00c4 8081      		ld r24,Z
 626 00c6 9181      		ldd r25,Z+1
 627 00c8 0097      		sbiw r24,0
 628 00ca 01F4      		brne .L4
 630               	.LM17:
 631 00cc 8281      		ldd r24,Z+2
 632 00ce 9381      		ldd r25,Z+3
 633               	.L4:
 635               	.LM18:
 636 00d0 1296      		adiw r26,2
 637 00d2 8D93      		st X+,r24
 638 00d4 9C93      		st X,r25
 639 00d6 1397      		sbiw r26,2+1
  38:../../freeRtos/Lib/net/udp.c ****   
  39:../../freeRtos/Lib/net/udp.c ****   nicState.layer4.udp->udplen = htons(len + UDP_HEADER_LEN);
 641               	.LM19:
 642 00d8 E090 0000 		lds r14,nicState+12
 643 00dc F090 0000 		lds r15,nicState+12+1
 644 00e0 E801      		movw r28,r16
 645 00e2 2896      		adiw r28,8
 646 00e4 CE01      		movw r24,r28
 647 00e6 0E94 0000 		call htons
 648 00ea D701      		movw r26,r14
 649 00ec 1496      		adiw r26,4
 650 00ee 8D93      		st X+,r24
 651 00f0 9C93      		st X,r25
 652 00f2 1597      		sbiw r26,4+1
  40:../../freeRtos/Lib/net/udp.c ****   nicState.layer4.udp->udpchksum = 0;
 654               	.LM20:
 655 00f4 E091 0000 		lds r30,nicState+12
 656 00f8 F091 0000 		lds r31,nicState+12+1
 657 00fc 1682      		std Z+6,__zero_reg__
 658 00fe 1782      		std Z+7,__zero_reg__
  41:../../freeRtos/Lib/net/udp.c **** 
  42:../../freeRtos/Lib/net/udp.c **** #if UDP_DEBUG
  43:../../freeRtos/Lib/net/udp.c ****   if (udpDbgStream != NULL)
 660               	.LM21:
 661 0100 8091 0000 		lds r24,udpDbgStream
 662 0104 9091 0000 		lds r25,udpDbgStream+1
 663 0108 0097      		sbiw r24,0
 664 010a 01F0      		breq .L5
  44:../../freeRtos/Lib/net/udp.c ****     if (udpDbgLevel > 1)
 666               	.LM22:
 667 010c 2091 0000 		lds r18,udpDbgLevel
 668 0110 2230      		cpi r18,lo8(2)
 669 0112 00F0      		brlo .L5
  45:../../freeRtos/Lib/net/udp.c ****       fprintf_P(udpDbgStream, PSTR("Sending UDP packet (data length %d)\r\n"), len);
 671               	.LM23:
 672 0114 00D0      		rcall .
 673 0116 00D0      		rcall .
 674 0118 EDB7      		in r30,__SP_L__
 675 011a FEB7      		in r31,__SP_H__
 676 011c 3196      		adiw r30,1
 677 011e ADB7      		in r26,__SP_L__
 678 0120 BEB7      		in r27,__SP_H__
 679 0122 1196      		adiw r26,1
 680 0124 8D93      		st X+,r24
 681 0126 9C93      		st X,r25
 682 0128 1297      		sbiw r26,1+1
 683 012a 80E0      		ldi r24,lo8(__c.4225)
 684 012c 90E0      		ldi r25,hi8(__c.4225)
 685 012e 8283      		std Z+2,r24
 686 0130 9383      		std Z+3,r25
 687 0132 0483      		std Z+4,r16
 688 0134 1583      		std Z+5,r17
 689 0136 0E94 0000 		call fprintf_P
 690 013a EDB7      		in r30,__SP_L__
 691 013c FEB7      		in r31,__SP_H__
 692 013e 3696      		adiw r30,6
 693 0140 EDBF      		out __SP_L__,r30
 694 0142 FEBF      		out __SP_H__,r31
 695               	.L5:
  46:../../freeRtos/Lib/net/udp.c **** #endif
  47:../../freeRtos/Lib/net/udp.c ****   ipSend(udpSocket->dstIp, IP_PROTO_UDP, len + UDP_HEADER_LEN);
 697               	.LM24:
 698 0144 E091 0000 		lds r30,udpSocket
 699 0148 F091 0000 		lds r31,udpSocket+1
 700 014c 6681      		ldd r22,Z+6
 701 014e 7781      		ldd r23,Z+7
 702 0150 8085      		ldd r24,Z+8
 703 0152 9185      		ldd r25,Z+9
 704 0154 41E1      		ldi r20,lo8(17)
 705 0156 9E01      		movw r18,r28
 706 0158 0E94 0000 		call ipSend
 707               	/* epilogue start */
  48:../../freeRtos/Lib/net/udp.c **** }
 709               	.LM25:
 710 015c DF91      		pop r29
 711 015e CF91      		pop r28
 712 0160 1F91      		pop r17
 713 0162 0F91      		pop r16
 714 0164 FF90      		pop r15
 715 0166 EF90      		pop r14
 716 0168 0895      		ret
 718               	.Lscope3:
 720               		.stabd	78,0,0
 722               	.global	netstackUDPIPProcess
 724               	netstackUDPIPProcess:
 725               		.stabd	46,0,0
  49:../../freeRtos/Lib/net/udp.c **** 
  50:../../freeRtos/Lib/net/udp.c **** inline void netstackUDPIPProcess(void)
  51:../../freeRtos/Lib/net/udp.c **** {
 727               	.LM26:
 728               	.LFBB4:
 729 016a AF92      		push r10
 730 016c BF92      		push r11
 731 016e CF92      		push r12
 732 0170 DF92      		push r13
 733 0172 FF92      		push r15
 734 0174 0F93      		push r16
 735 0176 1F93      		push r17
 736 0178 CF93      		push r28
 737 017a DF93      		push r29
 738               	/* prologue: function */
 739               	/* frame size = 0 */
 740               	/* stack size = 9 */
 741               	.L__stack_usage = 9
  52:../../freeRtos/Lib/net/udp.c ****   uint16_t len = (uint16_t) htons(nicState.layer4.udp->udplen);
 743               	.LM27:
 744 017c E091 0000 		lds r30,nicState+12
 745 0180 F091 0000 		lds r31,nicState+12+1
 746 0184 8481      		ldd r24,Z+4
 747 0186 9581      		ldd r25,Z+5
 748 0188 0E94 0000 		call htons
 749 018c 8C01      		movw r16,r24
  53:../../freeRtos/Lib/net/udp.c ****   uint8_t i;
  54:../../freeRtos/Lib/net/udp.c **** 
  55:../../freeRtos/Lib/net/udp.c ****   #if UDP_DEBUG
  56:../../freeRtos/Lib/net/udp.c ****   if(udpDbgStream != NULL)
 751               	.LM28:
 752 018e 8091 0000 		lds r24,udpDbgStream
 753 0192 9091 0000 		lds r25,udpDbgStream+1
 754 0196 0097      		sbiw r24,0
 755 0198 01F0      		breq .L7
  57:../../freeRtos/Lib/net/udp.c ****     if (udpDbgLevel > 3)
 757               	.LM29:
 758 019a 2091 0000 		lds r18,udpDbgLevel
 759 019e 2430      		cpi r18,lo8(4)
 760 01a0 00F0      		brlo .L7
  58:../../freeRtos/Lib/net/udp.c ****       fprintf_P(udpDbgStream, PSTR("Proc. UDP packet (data length %d)\r\n"), len-UDP_HEADER_LEN);
 762               	.LM30:
 763 01a2 00D0      		rcall .
 764 01a4 00D0      		rcall .
 765 01a6 EDB7      		in r30,__SP_L__
 766 01a8 FEB7      		in r31,__SP_H__
 767 01aa 3196      		adiw r30,1
 768 01ac ADB7      		in r26,__SP_L__
 769 01ae BEB7      		in r27,__SP_H__
 770 01b0 1196      		adiw r26,1
 771 01b2 8D93      		st X+,r24
 772 01b4 9C93      		st X,r25
 773 01b6 1297      		sbiw r26,1+1
 774 01b8 80E0      		ldi r24,lo8(__c.4232)
 775 01ba 90E0      		ldi r25,hi8(__c.4232)
 776 01bc 8283      		std Z+2,r24
 777 01be 9383      		std Z+3,r25
 778 01c0 C801      		movw r24,r16
 779 01c2 0897      		sbiw r24,8
 780 01c4 8483      		std Z+4,r24
 781 01c6 9583      		std Z+5,r25
 782 01c8 0E94 0000 		call fprintf_P
 783 01cc EDB7      		in r30,__SP_L__
 784 01ce FEB7      		in r31,__SP_H__
 785 01d0 3696      		adiw r30,6
 786 01d2 EDBF      		out __SP_L__,r30
 787 01d4 FEBF      		out __SP_H__,r31
 788               	.L7:
  59:../../freeRtos/Lib/net/udp.c **** #endif
  60:../../freeRtos/Lib/net/udp.c **** 
  61:../../freeRtos/Lib/net/udp.c ****   if ((nicState.layer4.udp->destport == udpSocket->srcPort) && ((udpSocket->dstPortDef == HTONS(0))
 790               	.LM31:
 791 01d6 A091 0000 		lds r26,nicState+12
 792 01da B091 0000 		lds r27,nicState+12+1
 793 01de E091 0000 		lds r30,udpSocket
 794 01e2 F091 0000 		lds r31,udpSocket+1
 795 01e6 1296      		adiw r26,2
 796 01e8 2D91      		ld r18,X+
 797 01ea 3C91      		ld r19,X
 798 01ec 1397      		sbiw r26,2+1
 799 01ee 8481      		ldd r24,Z+4
 800 01f0 9581      		ldd r25,Z+5
 801 01f2 2817      		cp r18,r24
 802 01f4 3907      		cpc r19,r25
 803 01f6 01F0      		breq .+2
 804 01f8 00C0      		rjmp .L6
 806               	.LM32:
 807 01fa 2081      		ld r18,Z
 808 01fc 3181      		ldd r19,Z+1
 809 01fe 8D91      		ld r24,X+
 810 0200 9C91      		ld r25,X
 811 0202 1197      		sbiw r26,1
 812 0204 2115      		cp r18,__zero_reg__
 813 0206 3105      		cpc r19,__zero_reg__
 814 0208 01F0      		breq .L9
  62:../../freeRtos/Lib/net/udp.c ****     || (udpSocket->dstPort == nicState.layer4.udp->srcport)))
 816               	.LM33:
 817 020a 2281      		ldd r18,Z+2
 818 020c 3381      		ldd r19,Z+3
 819 020e 2817      		cp r18,r24
 820 0210 3907      		cpc r19,r25
 821 0212 01F0      		breq .+2
 822 0214 00C0      		rjmp .L6
 823 0216 00C0      		rjmp .L10
 824               	.L9:
 825               	.LBB2:
  63:../../freeRtos/Lib/net/udp.c ****   {
  64:../../freeRtos/Lib/net/udp.c ****     if (udpSocket->dstPortDef == HTONS(0))
  65:../../freeRtos/Lib/net/udp.c ****       udpSocket->dstPort = nicState.layer4.udp->srcport;
 827               	.LM34:
 828 0218 8283      		std Z+2,r24
 829 021a 9383      		std Z+3,r25
 830               	.L10:
  66:../../freeRtos/Lib/net/udp.c ****     uint8_t *tmp = (uint8_t *)(nicState.layer4.udp) + UDP_HEADER_LEN;
 832               	.LM35:
 833 021c C091 0000 		lds r28,nicState+12
 834 0220 D091 0000 		lds r29,nicState+12+1
 835 0224 2896      		adiw r28,8
  67:../../freeRtos/Lib/net/udp.c **** #if UDP_DEBUG
  68:../../freeRtos/Lib/net/udp.c ****       if(udpDbgStream != NULL)
 837               	.LM36:
 838 0226 8091 0000 		lds r24,udpDbgStream
 839 022a 9091 0000 		lds r25,udpDbgStream+1
 840 022e 0097      		sbiw r24,0
 841 0230 01F0      		breq .L11
  69:../../freeRtos/Lib/net/udp.c ****         if (udpDbgLevel > 4)
 843               	.LM37:
 844 0232 2091 0000 		lds r18,udpDbgLevel
 845 0236 2530      		cpi r18,lo8(5)
 846 0238 00F0      		brlo .L11
  70:../../freeRtos/Lib/net/udp.c ****           fprintf_P(udpDbgStream, PSTR("Received data: "));
 848               	.LM38:
 849 023a 00D0      		rcall .
 850 023c 0F92      		push __tmp_reg__
 851 023e ADB7      		in r26,__SP_L__
 852 0240 BEB7      		in r27,__SP_H__
 853 0242 1196      		adiw r26,1
 854 0244 8D93      		st X+,r24
 855 0246 9C93      		st X,r25
 856 0248 1297      		sbiw r26,1+1
 857 024a 80E0      		ldi r24,lo8(__c.4235)
 858 024c 90E0      		ldi r25,hi8(__c.4235)
 859 024e 1396      		adiw r26,3
 860 0250 8D93      		st X+,r24
 861 0252 9C93      		st X,r25
 862 0254 1497      		sbiw r26,3+1
 863 0256 0E94 0000 		call fprintf_P
 864 025a 0F90      		pop __tmp_reg__
 865 025c 0F90      		pop __tmp_reg__
 866 025e 0F90      		pop __tmp_reg__
 867 0260 0F90      		pop __tmp_reg__
 868               	.L11:
 869               	.LBE2:
  51:../../freeRtos/Lib/net/udp.c **** {
 871               	.LM39:
 872 0262 28E0      		ldi r18,lo8(8)
 873 0264 F22E      		mov r15,r18
 874               	.LBB3:
  71:../../freeRtos/Lib/net/udp.c **** #endif
  72:../../freeRtos/Lib/net/udp.c **** 
  73:../../freeRtos/Lib/net/udp.c ****     for (i=UDP_HEADER_LEN; i<len; i++)
  74:../../freeRtos/Lib/net/udp.c ****     {
  75:../../freeRtos/Lib/net/udp.c **** #if UDP_DEBUG
  76:../../freeRtos/Lib/net/udp.c ****       if(udpDbgStream != NULL)
  77:../../freeRtos/Lib/net/udp.c ****         if (udpDbgLevel > 4)
  78:../../freeRtos/Lib/net/udp.c ****           fprintf_P(udpDbgStream, PSTR("0x%2x\r\n"), *tmp);
 876               	.LM40:
 877 0266 90E0      		ldi r25,lo8(__c.4237)
 878 0268 C92E      		mov r12,r25
 879 026a 90E0      		ldi r25,hi8(__c.4237)
 880 026c D92E      		mov r13,r25
  79:../../freeRtos/Lib/net/udp.c **** #endif
  80:../../freeRtos/Lib/net/udp.c **** #if UDB_DEBUG
  81:../../freeRtos/Lib/net/udp.c ****       xQueueSend(udpSocket->Rx, tmp, 10) == 0);
  82:../../freeRtos/Lib/net/udp.c **** #else
  83:../../freeRtos/Lib/net/udp.c ****       if (xQueueSend(udpSocket->Rx, tmp, 10) == 0)
  84:../../freeRtos/Lib/net/udp.c ****         if(udpDbgStream != NULL)
  85:../../freeRtos/Lib/net/udp.c ****           if (udpDbgLevel > 0)
  86:../../freeRtos/Lib/net/udp.c ****             fprintf_P(udpDbgStream, PSTR("UDP TX buffer busy\r\n"));
 882               	.LM41:
 883 026e 80E0      		ldi r24,lo8(__c.4239)
 884 0270 A82E      		mov r10,r24
 885 0272 80E0      		ldi r24,hi8(__c.4239)
 886 0274 B82E      		mov r11,r24
 887 0276 00C0      		rjmp .L12
 888               	.L15:
  76:../../freeRtos/Lib/net/udp.c ****       if(udpDbgStream != NULL)
 890               	.LM42:
 891 0278 0097      		sbiw r24,0
 892 027a 01F0      		breq .L13
  77:../../freeRtos/Lib/net/udp.c ****         if (udpDbgLevel > 4)
 894               	.LM43:
 895 027c 2091 0000 		lds r18,udpDbgLevel
 896 0280 2530      		cpi r18,lo8(5)
 897 0282 00F0      		brlo .L13
  78:../../freeRtos/Lib/net/udp.c ****           fprintf_P(udpDbgStream, PSTR("0x%2x\r\n"), *tmp);
 899               	.LM44:
 900 0284 00D0      		rcall .
 901 0286 00D0      		rcall .
 902 0288 EDB7      		in r30,__SP_L__
 903 028a FEB7      		in r31,__SP_H__
 904 028c 3196      		adiw r30,1
 905 028e ADB7      		in r26,__SP_L__
 906 0290 BEB7      		in r27,__SP_H__
 907 0292 1196      		adiw r26,1
 908 0294 8D93      		st X+,r24
 909 0296 9C93      		st X,r25
 910 0298 1297      		sbiw r26,1+1
 911 029a C282      		std Z+2,r12
 912 029c D382      		std Z+3,r13
 913 029e 8881      		ld r24,Y
 914 02a0 8483      		std Z+4,r24
 915 02a2 1582      		std Z+5,__zero_reg__
 916 02a4 0E94 0000 		call fprintf_P
 917 02a8 EDB7      		in r30,__SP_L__
 918 02aa FEB7      		in r31,__SP_H__
 919 02ac 3696      		adiw r30,6
 920 02ae EDBF      		out __SP_L__,r30
 921 02b0 FEBF      		out __SP_H__,r31
 922               	.L13:
  83:../../freeRtos/Lib/net/udp.c ****       if (xQueueSend(udpSocket->Rx, tmp, 10) == 0)
 924               	.LM45:
 925 02b2 E091 0000 		lds r30,udpSocket
 926 02b6 F091 0000 		lds r31,udpSocket+1
 927 02ba 8285      		ldd r24,Z+10
 928 02bc 9385      		ldd r25,Z+11
 929 02be BE01      		movw r22,r28
 930 02c0 4AE0      		ldi r20,lo8(10)
 931 02c2 50E0      		ldi r21,hi8(10)
 932 02c4 20E0      		ldi r18,lo8(0)
 933 02c6 0E94 0000 		call xQueueGenericSend
 934 02ca 8823      		tst r24
 935 02cc 01F4      		brne .L14
  84:../../freeRtos/Lib/net/udp.c ****         if(udpDbgStream != NULL)
 937               	.LM46:
 938 02ce 8091 0000 		lds r24,udpDbgStream
 939 02d2 9091 0000 		lds r25,udpDbgStream+1
 940 02d6 0097      		sbiw r24,0
 941 02d8 01F0      		breq .L14
  85:../../freeRtos/Lib/net/udp.c ****           if (udpDbgLevel > 0)
 943               	.LM47:
 944 02da 2091 0000 		lds r18,udpDbgLevel
 945 02de 2223      		tst r18
 946 02e0 01F0      		breq .L14
 948               	.LM48:
 949 02e2 00D0      		rcall .
 950 02e4 0F92      		push __tmp_reg__
 951 02e6 ADB7      		in r26,__SP_L__
 952 02e8 BEB7      		in r27,__SP_H__
 953 02ea 1196      		adiw r26,1
 954 02ec 8D93      		st X+,r24
 955 02ee 9C93      		st X,r25
 956 02f0 1297      		sbiw r26,1+1
 957 02f2 1396      		adiw r26,3
 958 02f4 AD92      		st X+,r10
 959 02f6 BC92      		st X,r11
 960 02f8 1497      		sbiw r26,3+1
 961 02fa 0E94 0000 		call fprintf_P
 962 02fe 0F90      		pop __tmp_reg__
 963 0300 0F90      		pop __tmp_reg__
 964 0302 0F90      		pop __tmp_reg__
 965 0304 0F90      		pop __tmp_reg__
 966               	.L14:
  87:../../freeRtos/Lib/net/udp.c **** #endif
  88:../../freeRtos/Lib/net/udp.c ****       tmp++;
 968               	.LM49:
 969 0306 2196      		adiw r28,1
  73:../../freeRtos/Lib/net/udp.c ****     for (i=UDP_HEADER_LEN; i<len; i++)
 971               	.LM50:
 972 0308 F394      		inc r15
 973               	.L12:
  73:../../freeRtos/Lib/net/udp.c ****     for (i=UDP_HEADER_LEN; i<len; i++)
 975               	.LM51:
 976 030a 2F2D      		mov r18,r15
 977 030c 30E0      		ldi r19,lo8(0)
 978 030e 8091 0000 		lds r24,udpDbgStream
 979 0312 9091 0000 		lds r25,udpDbgStream+1
 980 0316 2017      		cp r18,r16
 981 0318 3107      		cpc r19,r17
 982 031a 00F4      		brsh .+2
 983 031c 00C0      		rjmp .L15
  89:../../freeRtos/Lib/net/udp.c ****     }
  90:../../freeRtos/Lib/net/udp.c **** #if UDP_DEBUG
  91:../../freeRtos/Lib/net/udp.c ****     if(udpDbgStream != NULL)
 985               	.LM52:
 986 031e 0097      		sbiw r24,0
 987 0320 01F0      		breq .L6
  92:../../freeRtos/Lib/net/udp.c ****       if (udpDbgLevel > 4)
 989               	.LM53:
 990 0322 2091 0000 		lds r18,udpDbgLevel
 991 0326 2530      		cpi r18,lo8(5)
 992 0328 00F0      		brlo .L6
  93:../../freeRtos/Lib/net/udp.c ****         fprintf_P(udpDbgStream, PSTR("\r\n"));
 994               	.LM54:
 995 032a 00D0      		rcall .
 996 032c 0F92      		push __tmp_reg__
 997 032e EDB7      		in r30,__SP_L__
 998 0330 FEB7      		in r31,__SP_H__
 999 0332 8183      		std Z+1,r24
 1000 0334 9283      		std Z+2,r25
 1001 0336 80E0      		ldi r24,lo8(__c.4244)
 1002 0338 90E0      		ldi r25,hi8(__c.4244)
 1003 033a 8383      		std Z+3,r24
 1004 033c 9483      		std Z+4,r25
 1005 033e 0E94 0000 		call fprintf_P
 1006 0342 0F90      		pop __tmp_reg__
 1007 0344 0F90      		pop __tmp_reg__
 1008 0346 0F90      		pop __tmp_reg__
 1009 0348 0F90      		pop __tmp_reg__
 1010               	.L6:
 1011               	/* epilogue start */
 1012               	.LBE3:
  94:../../freeRtos/Lib/net/udp.c **** #endif
  95:../../freeRtos/Lib/net/udp.c **** 
  96:../../freeRtos/Lib/net/udp.c ****   }
  97:../../freeRtos/Lib/net/udp.c **** }
 1014               	.LM55:
 1015 034a DF91      		pop r29
 1016 034c CF91      		pop r28
 1017 034e 1F91      		pop r17
 1018 0350 0F91      		pop r16
 1019 0352 FF90      		pop r15
 1020 0354 DF90      		pop r13
 1021 0356 CF90      		pop r12
 1022 0358 BF90      		pop r11
 1023 035a AF90      		pop r10
 1024 035c 0895      		ret
 1036               	.Lscope4:
 1038               		.stabd	78,0,0
 1040               	.global	flushUdpQueues
 1042               	flushUdpQueues:
 1043               		.stabd	46,0,0
  98:../../freeRtos/Lib/net/udp.c **** 
  99:../../freeRtos/Lib/net/udp.c **** inline void flushUdpQueues(void)
 100:../../freeRtos/Lib/net/udp.c **** {
 1045               	.LM56:
 1046               	.LFBB5:
 1047 035e 0F93      		push r16
 1048 0360 1F93      		push r17
 1049 0362 CF93      		push r28
 1050 0364 DF93      		push r29
 1051               	/* prologue: function */
 1052               	/* frame size = 0 */
 1053               	/* stack size = 4 */
 1054               	.L__stack_usage = 4
 101:../../freeRtos/Lib/net/udp.c ****   if (uxQueueMessagesWaiting(udpSocket->Tx) > 0)
 1056               	.LM57:
 1057 0366 E091 0000 		lds r30,udpSocket
 1058 036a F091 0000 		lds r31,udpSocket+1
 1059 036e 8485      		ldd r24,Z+12
 1060 0370 9585      		ldd r25,Z+13
 1061 0372 0E94 0000 		call uxQueueMessagesWaiting
 1062 0376 8823      		tst r24
 1063 0378 01F0      		breq .L16
 1064               	.LBB4:
 102:../../freeRtos/Lib/net/udp.c ****   {
 103:../../freeRtos/Lib/net/udp.c ****     uint16_t len = 0;
 104:../../freeRtos/Lib/net/udp.c ****     uint8_t *data = (uint8_t *)(nicState.layer4.udp) + UDP_HEADER_LEN;
 1066               	.LM58:
 1067 037a 0091 0000 		lds r16,nicState+12
 1068 037e 1091 0000 		lds r17,nicState+12+1
 103:../../freeRtos/Lib/net/udp.c ****     uint16_t len = 0;
 1070               	.LM59:
 1071 0382 C0E0      		ldi r28,lo8(0)
 1072 0384 D0E0      		ldi r29,hi8(0)
  99:../../freeRtos/Lib/net/udp.c **** inline void flushUdpQueues(void)
 1074               	.LM60:
 1075 0386 085F      		subi r16,lo8(-(8))
 1076 0388 1F4F      		sbci r17,hi8(-(8))
 105:../../freeRtos/Lib/net/udp.c ****     while (xQueueReceive(udpSocket->Tx, data, 0) == pdTRUE)
 1078               	.LM61:
 1079 038a 00C0      		rjmp .L18
 1080               	.L19:
 106:../../freeRtos/Lib/net/udp.c ****     {
 107:../../freeRtos/Lib/net/udp.c ****       data++;
 108:../../freeRtos/Lib/net/udp.c ****       len++;
 1082               	.LM62:
 1083 038c 2196      		adiw r28,1
 1084               	.L18:
 105:../../freeRtos/Lib/net/udp.c ****     while (xQueueReceive(udpSocket->Tx, data, 0) == pdTRUE)
 1086               	.LM63:
 1087 038e E091 0000 		lds r30,udpSocket
 1088 0392 F091 0000 		lds r31,udpSocket+1
  99:../../freeRtos/Lib/net/udp.c **** inline void flushUdpQueues(void)
 1090               	.LM64:
 1091 0396 B801      		movw r22,r16
 1092 0398 6C0F      		add r22,r28
 1093 039a 7D1F      		adc r23,r29
 105:../../freeRtos/Lib/net/udp.c ****     while (xQueueReceive(udpSocket->Tx, data, 0) == pdTRUE)
 1095               	.LM65:
 1096 039c 8485      		ldd r24,Z+12
 1097 039e 9585      		ldd r25,Z+13
 1098 03a0 40E0      		ldi r20,lo8(0)
 1099 03a2 50E0      		ldi r21,hi8(0)
 1100 03a4 20E0      		ldi r18,lo8(0)
 1101 03a6 0E94 0000 		call xQueueGenericReceive
 1102 03aa 8130      		cpi r24,lo8(1)
 1103 03ac 01F0      		breq .L19
 109:../../freeRtos/Lib/net/udp.c ****     }
 110:../../freeRtos/Lib/net/udp.c ****     udpSend(len);
 1105               	.LM66:
 1106 03ae CE01      		movw r24,r28
 1107 03b0 0E94 0000 		call udpSend
 1108               	.L16:
 1109               	/* epilogue start */
 1110               	.LBE4:
 111:../../freeRtos/Lib/net/udp.c ****   }
 112:../../freeRtos/Lib/net/udp.c **** }
 1112               	.LM67:
 1113 03b4 DF91      		pop r29
 1114 03b6 CF91      		pop r28
 1115 03b8 1F91      		pop r17
 1116 03ba 0F91      		pop r16
 1117 03bc 0895      		ret
 1122               	.Lscope5:
 1124               		.stabd	78,0,0
 1126               	.global	udpSaveConfig
 1128               	udpSaveConfig:
 1129               		.stabd	46,0,0
 113:../../freeRtos/Lib/net/udp.c **** 
 114:../../freeRtos/Lib/net/udp.c **** void udpSaveConfig(void)
 115:../../freeRtos/Lib/net/udp.c **** {
 1131               	.LM68:
 1132               	.LFBB6:
 1133               	/* prologue: function */
 1134               	/* frame size = 0 */
 1135               	/* stack size = 0 */
 1136               	.L__stack_usage = 0
 116:../../freeRtos/Lib/net/udp.c ****   eeprom_update_dword(&udpIpDst_eep, udpSocket->dstIp);
 1138               	.LM69:
 1139 03be E091 0000 		lds r30,udpSocket
 1140 03c2 F091 0000 		lds r31,udpSocket+1
 1141 03c6 4681      		ldd r20,Z+6
 1142 03c8 5781      		ldd r21,Z+7
 1143 03ca 6085      		ldd r22,Z+8
 1144 03cc 7185      		ldd r23,Z+9
 1145 03ce 80E0      		ldi r24,lo8(udpIpDst_eep)
 1146 03d0 90E0      		ldi r25,hi8(udpIpDst_eep)
 1147 03d2 0E94 0000 		call __eeupd_dword_x128a1
 117:../../freeRtos/Lib/net/udp.c ****   eeprom_update_word(&udpPortDstEep, udpSocket->dstPortDef);
 1149               	.LM70:
 1150 03d6 E091 0000 		lds r30,udpSocket
 1151 03da F091 0000 		lds r31,udpSocket+1
 1152 03de 6081      		ld r22,Z
 1153 03e0 7181      		ldd r23,Z+1
 1154 03e2 80E0      		ldi r24,lo8(udpPortDstEep)
 1155 03e4 90E0      		ldi r25,hi8(udpPortDstEep)
 1156 03e6 0E94 0000 		call __eeupd_word_x128a1
 118:../../freeRtos/Lib/net/udp.c ****   eeprom_update_word(&udpPortSrcEep, udpSocket->srcPort);
 1158               	.LM71:
 1159 03ea E091 0000 		lds r30,udpSocket
 1160 03ee F091 0000 		lds r31,udpSocket+1
 1161 03f2 6481      		ldd r22,Z+4
 1162 03f4 7581      		ldd r23,Z+5
 1163 03f6 80E0      		ldi r24,lo8(udpPortSrcEep)
 1164 03f8 90E0      		ldi r25,hi8(udpPortSrcEep)
 1165 03fa 0E94 0000 		call __eeupd_word_x128a1
 1166               	/* epilogue start */
 119:../../freeRtos/Lib/net/udp.c **** }
 1168               	.LM72:
 1169 03fe 0895      		ret
 1171               	.Lscope6:
 1173               		.stabd	78,0,0
 1176               	.global	udpPrintStatus
 1178               	udpPrintStatus:
 1179               		.stabd	46,0,0
 120:../../freeRtos/Lib/net/udp.c **** 
 121:../../freeRtos/Lib/net/udp.c **** void udpPrintStatus(FILE *stream)
 122:../../freeRtos/Lib/net/udp.c **** {
 1181               	.LM73:
 1182               	.LFBB7:
 1183 0400 CF93      		push r28
 1184 0402 DF93      		push r29
 1185               	/* prologue: function */
 1186               	/* frame size = 0 */
 1187               	/* stack size = 2 */
 1188               	.L__stack_usage = 2
 1189 0404 EC01      		movw r28,r24
 123:../../freeRtos/Lib/net/udp.c ****   fprintf_P(stream, PSTR("UDP config:"));
 1191               	.LM74:
 1192 0406 00D0      		rcall .
 1193 0408 0F92      		push __tmp_reg__
 1194 040a ADB7      		in r26,__SP_L__
 1195 040c BEB7      		in r27,__SP_H__
 1196 040e 1196      		adiw r26,1
 1197 0410 8D93      		st X+,r24
 1198 0412 9C93      		st X,r25
 1199 0414 1297      		sbiw r26,1+1
 1200 0416 80E0      		ldi r24,lo8(__c.4260)
 1201 0418 90E0      		ldi r25,hi8(__c.4260)
 1202 041a 1396      		adiw r26,3
 1203 041c 8D93      		st X+,r24
 1204 041e 9C93      		st X,r25
 1205 0420 1497      		sbiw r26,3+1
 1206 0422 0E94 0000 		call fprintf_P
 124:../../freeRtos/Lib/net/udp.c ****   fprintf_P(stream, PSTR("\r\n  IP          : ")); netPrintIPAddr(stream, udpSocket->dstIp);
 1208               	.LM75:
 1209 0426 EDB7      		in r30,__SP_L__
 1210 0428 FEB7      		in r31,__SP_H__
 1211 042a C183      		std Z+1,r28
 1212 042c D283      		std Z+2,r29
 1213 042e 80E0      		ldi r24,lo8(__c.4262)
 1214 0430 90E0      		ldi r25,hi8(__c.4262)
 1215 0432 8383      		std Z+3,r24
 1216 0434 9483      		std Z+4,r25
 1217 0436 0E94 0000 		call fprintf_P
 1218 043a 0F90      		pop __tmp_reg__
 1219 043c 0F90      		pop __tmp_reg__
 1220 043e 0F90      		pop __tmp_reg__
 1221 0440 0F90      		pop __tmp_reg__
 1222 0442 E091 0000 		lds r30,udpSocket
 1223 0446 F091 0000 		lds r31,udpSocket+1
 1224 044a 4681      		ldd r20,Z+6
 1225 044c 5781      		ldd r21,Z+7
 1226 044e 6085      		ldd r22,Z+8
 1227 0450 7185      		ldd r23,Z+9
 1228 0452 CE01      		movw r24,r28
 1229 0454 0E94 0000 		call netPrintIPAddr
 125:../../freeRtos/Lib/net/udp.c ****   fprintf_P(stream, PSTR("\r\n  src port    : %d\r\n  dst port    : "), htons(udpSocket->srcPort));
 1231               	.LM76:
 1232 0458 E091 0000 		lds r30,udpSocket
 1233 045c F091 0000 		lds r31,udpSocket+1
 1234 0460 8481      		ldd r24,Z+4
 1235 0462 9581      		ldd r25,Z+5
 1236 0464 0E94 0000 		call htons
 1237 0468 00D0      		rcall .
 1238 046a 00D0      		rcall .
 1239 046c EDB7      		in r30,__SP_L__
 1240 046e FEB7      		in r31,__SP_H__
 1241 0470 3196      		adiw r30,1
 1242 0472 ADB7      		in r26,__SP_L__
 1243 0474 BEB7      		in r27,__SP_H__
 1244 0476 1196      		adiw r26,1
 1245 0478 CD93      		st X+,r28
 1246 047a DC93      		st X,r29
 1247 047c 1297      		sbiw r26,1+1
 1248 047e 20E0      		ldi r18,lo8(__c.4264)
 1249 0480 30E0      		ldi r19,hi8(__c.4264)
 1250 0482 2283      		std Z+2,r18
 1251 0484 3383      		std Z+3,r19
 1252 0486 8483      		std Z+4,r24
 1253 0488 9583      		std Z+5,r25
 1254 048a 0E94 0000 		call fprintf_P
 126:../../freeRtos/Lib/net/udp.c ****   if (udpSocket->dstPortDef == HTONS(0))
 1256               	.LM77:
 1257 048e E091 0000 		lds r30,udpSocket
 1258 0492 F091 0000 		lds r31,udpSocket+1
 1259 0496 8081      		ld r24,Z
 1260 0498 9181      		ldd r25,Z+1
 1261 049a EDB7      		in r30,__SP_L__
 1262 049c FEB7      		in r31,__SP_H__
 1263 049e 3696      		adiw r30,6
 1264 04a0 EDBF      		out __SP_L__,r30
 1265 04a2 FEBF      		out __SP_H__,r31
 1266 04a4 0097      		sbiw r24,0
 1267 04a6 01F4      		brne .L22
 127:../../freeRtos/Lib/net/udp.c ****     fprintf_P(stream, PSTR("ANY\r\n"));
 1269               	.LM78:
 1270 04a8 00D0      		rcall .
 1271 04aa 0F92      		push __tmp_reg__
 1272 04ac ADB7      		in r26,__SP_L__
 1273 04ae BEB7      		in r27,__SP_H__
 1274 04b0 1196      		adiw r26,1
 1275 04b2 CD93      		st X+,r28
 1276 04b4 DC93      		st X,r29
 1277 04b6 1297      		sbiw r26,1+1
 1278 04b8 80E0      		ldi r24,lo8(__c.4266)
 1279 04ba 90E0      		ldi r25,hi8(__c.4266)
 1280 04bc 1396      		adiw r26,3
 1281 04be 8D93      		st X+,r24
 1282 04c0 9C93      		st X,r25
 1283 04c2 1497      		sbiw r26,3+1
 1284 04c4 0E94 0000 		call fprintf_P
 1285 04c8 0F90      		pop __tmp_reg__
 1286 04ca 0F90      		pop __tmp_reg__
 1287 04cc 0F90      		pop __tmp_reg__
 1288 04ce 0F90      		pop __tmp_reg__
 1289 04d0 00C0      		rjmp .L21
 1290               	.L22:
 128:../../freeRtos/Lib/net/udp.c ****   else
 129:../../freeRtos/Lib/net/udp.c ****     fprintf_P(stream, PSTR("%d\r\n"), htons(udpSocket->dstPortDef));    
 1292               	.LM79:
 1293 04d2 0E94 0000 		call htons
 1294 04d6 00D0      		rcall .
 1295 04d8 00D0      		rcall .
 1296 04da EDB7      		in r30,__SP_L__
 1297 04dc FEB7      		in r31,__SP_H__
 1298 04de 3196      		adiw r30,1
 1299 04e0 ADB7      		in r26,__SP_L__
 1300 04e2 BEB7      		in r27,__SP_H__
 1301 04e4 1196      		adiw r26,1
 1302 04e6 CD93      		st X+,r28
 1303 04e8 DC93      		st X,r29
 1304 04ea 1297      		sbiw r26,1+1
 1305 04ec 20E0      		ldi r18,lo8(__c.4268)
 1306 04ee 30E0      		ldi r19,hi8(__c.4268)
 1307 04f0 2283      		std Z+2,r18
 1308 04f2 3383      		std Z+3,r19
 1309 04f4 8483      		std Z+4,r24
 1310 04f6 9583      		std Z+5,r25
 1311 04f8 0E94 0000 		call fprintf_P
 1312 04fc EDB7      		in r30,__SP_L__
 1313 04fe FEB7      		in r31,__SP_H__
 1314 0500 3696      		adiw r30,6
 1315 0502 EDBF      		out __SP_L__,r30
 1316 0504 FEBF      		out __SP_H__,r31
 1317               	.L21:
 1318               	/* epilogue start */
 130:../../freeRtos/Lib/net/udp.c **** }
 1320               	.LM80:
 1321 0506 DF91      		pop r29
 1322 0508 CF91      		pop r28
 1323 050a 0895      		ret
 1325               	.Lscope7:
 1327               		.stabd	78,0,0
 1328               		.comm wwwport,1,1
 1329               		.comm nicState,14,1
 1330               		.comm plen,2,1
 1331               		.comm IpMyConfig,15,1
 1332               		.comm arpDebug,2,1
 1333               		.comm arpDebugLevel,1,1
 1334               		.comm icmpDebug,2,1
 1335               		.comm icmpDebugLevel,1,1
 1336               		.comm tcpDebugStream,2,1
 1337               		.comm tcpDebugLevel,1,1
 1338               		.comm sockets,2,1
 1339               		.comm udpSocket,2,1
 1340               		.comm udpDbgStream,2,1
 1341               		.comm udpDbgLevel,1,1
 1342               		.section	.progmem.data,"a",@progbits
 1345               	__c.4268:
 1346 0000 2564 0D0A 		.string	"%d\r\n"
 1346      00
 1349               	__c.4266:
 1350 0005 414E 590D 		.string	"ANY\r\n"
 1350      0A00 
 1353               	__c.4264:
 1354 000b 0D0A 2020 		.string	"\r\n  src port    : %d\r\n  dst port    : "
 1354      7372 6320 
 1354      706F 7274 
 1354      2020 2020 
 1354      3A20 2564 
 1357               	__c.4262:
 1358 0032 0D0A 2020 		.string	"\r\n  IP          : "
 1358      4950 2020 
 1358      2020 2020 
 1358      2020 2020 
 1358      3A20 00
 1361               	__c.4260:
 1362 0045 5544 5020 		.string	"UDP config:"
 1362      636F 6E66 
 1362      6967 3A00 
 1363               		.section	.eeprom,"aw",@progbits
 1366               	udpIpDst_eep:
 1367 0000 C0        		.byte	-64
 1368 0001 A8        		.byte	-88
 1369 0002 00        		.byte	0
 1370 0003 01        		.byte	1
 1373               	udpPortDstEep:
 1374 0004 0000      		.skip 2,0
 1377               	udpPortSrcEep:
 1378 0006 0BB8      		.word	-18421
 1379               		.section	.progmem.data
 1382               	__c.4244:
 1383 0051 0D0A 00   		.string	"\r\n"
 1386               	__c.4239:
 1387 0054 5544 5020 		.string	"UDP TX buffer busy\r\n"
 1387      5458 2062 
 1387      7566 6665 
 1387      7220 6275 
 1387      7379 0D0A 
 1390               	__c.4237:
 1391 0069 3078 2532 		.string	"0x%2x\r\n"
 1391      780D 0A00 
 1394               	__c.4235:
 1395 0071 5265 6365 		.string	"Received data: "
 1395      6976 6564 
 1395      2064 6174 
 1395      613A 2000 
 1398               	__c.4232:
 1399 0081 5072 6F63 		.string	"Proc. UDP packet (data length %d)\r\n"
 1399      2E20 5544 
 1399      5020 7061 
 1399      636B 6574 
 1399      2028 6461 
 1402               	__c.4225:
 1403 00a5 5365 6E64 		.string	"Sending UDP packet (data length %d)\r\n"
 1403      696E 6720 
 1403      5544 5020 
 1403      7061 636B 
 1403      6574 2028 
 1421               		.text
 1423               	.Letext0:
 1424               	.global __do_clear_bss
DEFINED SYMBOLS
                            *ABS*:00000000 udp.c
     /tmp/ccofAkDp.s:2      *ABS*:0000003f __SREG__
     /tmp/ccofAkDp.s:3      *ABS*:0000003e __SP_H__
     /tmp/ccofAkDp.s:4      *ABS*:0000003d __SP_L__
     /tmp/ccofAkDp.s:5      *ABS*:00000034 __CCP__
     /tmp/ccofAkDp.s:6      *ABS*:00000000 __tmp_reg__
     /tmp/ccofAkDp.s:7      *ABS*:00000001 __zero_reg__
     /tmp/ccofAkDp.s:475    .text:00000000 udpInit
                            *COM*:00000002 udpDbgStream
                            *COM*:00000001 udpDbgLevel
                            *COM*:00000002 udpSocket
     /tmp/ccofAkDp.s:1366   .eeprom:00000000 udpIpDst_eep
     /tmp/ccofAkDp.s:1373   .eeprom:00000004 udpPortDstEep
     /tmp/ccofAkDp.s:1377   .eeprom:00000006 udpPortSrcEep
     /tmp/ccofAkDp.s:567    .text:00000088 setUdpDebug
     /tmp/ccofAkDp.s:595    .text:00000096 udpSend
                            *COM*:0000000e nicState
     /tmp/ccofAkDp.s:1402   .progmem.data:000000a5 __c.4225
     /tmp/ccofAkDp.s:724    .text:0000016a netstackUDPIPProcess
     /tmp/ccofAkDp.s:1398   .progmem.data:00000081 __c.4232
     /tmp/ccofAkDp.s:1394   .progmem.data:00000071 __c.4235
     /tmp/ccofAkDp.s:1390   .progmem.data:00000069 __c.4237
     /tmp/ccofAkDp.s:1386   .progmem.data:00000054 __c.4239
     /tmp/ccofAkDp.s:1382   .progmem.data:00000051 __c.4244
     /tmp/ccofAkDp.s:1042   .text:0000035e flushUdpQueues
     /tmp/ccofAkDp.s:1128   .text:000003be udpSaveConfig
     /tmp/ccofAkDp.s:1178   .text:00000400 udpPrintStatus
     /tmp/ccofAkDp.s:1361   .progmem.data:00000045 __c.4260
     /tmp/ccofAkDp.s:1357   .progmem.data:00000032 __c.4262
     /tmp/ccofAkDp.s:1353   .progmem.data:0000000b __c.4264
     /tmp/ccofAkDp.s:1349   .progmem.data:00000005 __c.4266
     /tmp/ccofAkDp.s:1345   .progmem.data:00000000 __c.4268
                            *COM*:00000001 wwwport
                            *COM*:00000002 plen
                            *COM*:0000000f IpMyConfig
                            *COM*:00000002 arpDebug
                            *COM*:00000001 arpDebugLevel
                            *COM*:00000002 icmpDebug
                            *COM*:00000001 icmpDebugLevel
                            *COM*:00000002 tcpDebugStream
                            *COM*:00000001 tcpDebugLevel
                            *COM*:00000002 sockets

UNDEFINED SYMBOLS
xmalloc
__eerd_dword_x128a1
__eerd_word_x128a1
xQueueCreateExternal
htons
fprintf_P
ipSend
xQueueGenericSend
uxQueueMessagesWaiting
xQueueGenericReceive
__eeupd_dword_x128a1
__eeupd_word_x128a1
netPrintIPAddr
__do_clear_bss
